<?xml version="1.0" encoding="UTF-8"?>
<testng-results ignored="0" total="1" passed="1" failed="0" skipped="0">
  <reporter-output>
  </reporter-output>
  <suite started-at="2026-04-04T19:42:40 IST" name="Default suite" finished-at="2026-04-04T19:43:44 IST" duration-ms="64087">
    <groups>
      <group name="cucumber">
        <method signature="AbstractTestNGCucumberTests.runScenario(io.cucumber.testng.PickleWrapper,io.cucumber.testng.FeatureWrapper)[pri:0, instance:TestngTestRunner.TestngRunner@6ad82709]" name="runScenario" class="io.cucumber.testng.AbstractTestNGCucumberTests"/>
      </group> <!-- cucumber -->
    </groups>
    <test started-at="2026-04-04T19:42:40 IST" name="Default test" finished-at="2026-04-04T19:43:44 IST" duration-ms="64087">
      <class name="TestngTestRunner.TestngRunner">
        <test-method is-config="true" signature="setUpClass(org.testng.ITestContext)[pri:0, instance:TestngTestRunner.TestngRunner@6ad82709]" started-at="2026-04-04T19:42:40 IST" name="setUpClass" finished-at="2026-04-04T19:42:41 IST" duration-ms="1178" status="PASS">
          <params>
            <param index="0">
              <value>
                <![CDATA[org.testng.TestRunner@68e7c8c3]]>
              </value>
            </param>
          </params>
          <reporter-output>
          </reporter-output>
        </test-method> <!-- setUpClass -->
        <test-method signature="runScenario(io.cucumber.testng.PickleWrapper,io.cucumber.testng.FeatureWrapper)[pri:0, instance:TestngTestRunner.TestngRunner@6ad82709]" started-at="2026-04-04T19:42:41 IST" name="runScenario" description="Runs Cucumber Scenarios" data-provider="scenarios" finished-at="2026-04-04T19:43:44 IST" duration-ms="62640" status="PASS">
          <params>
            <param index="0">
              <value>
                <![CDATA["open the brower hit the url and verify Login text is present"]]>
              </value>
            </param>
            <param index="1">
              <value>
                <![CDATA["orange hrm functionality"]]>
              </value>
            </param>
          </params>
          <reporter-output>
          </reporter-output>
        </test-method> <!-- runScenario -->
        <test-method is-config="true" signature="tearDownClass()[pri:0, instance:TestngTestRunner.TestngRunner@6ad82709]" started-at="2026-04-04T19:43:44 IST" name="tearDownClass" finished-at="2026-04-04T19:43:44 IST" duration-ms="11" status="PASS">
          <reporter-output>
          </reporter-output>
        </test-method> <!-- tearDownClass -->
      </class> <!-- TestngTestRunner.TestngRunner -->
    </test> <!-- Default test -->
  </suite> <!-- Default suite -->
</testng-results>
